[
  "../../main/flat",
  "../../main/stream_tools.js",
  "../../main/console.js",
  "../../main/run.js",
  "../../main/file_system.js",
  "../../main/operating_system.js",
  "../../main/wip",
  "../../main/test.ignore.js",
  "../../main/flat/_path_standardize.js",
  "../../main/flat/normalize_path.js",
  "../../main/flat/path.js",
  "../../main/flat/get_this_folder.js",
  "../../main/flat/make_absolute_path.js",
  "../../main/flat/iterate_items_in.js",
  "../../main/flat/path_info.js",
  "../../main/wip/lg2.wasm.binaryified.js",
  "../../main/wip/_convert.js",
  "../../main/wip/sprinter.js",
  "../../main/wip/smash.js",
  "../../main/wip/git.js",
  "../../main/wip/runner.js",
  "../../main/wip/fs_merge.js",
  "../../main/wip/bash_to_js.ignore.js",
  "../../main/wip/at_bash_runtime.js",
  "../../main/wip/git_wrapper.js",
  "../../main/wip/base_run.js"
]
