FileSystem.thisFile is: /Users/jeffhykin/repos/quickr/main/file_system.js
FileSystem.thisFolder is: /Users/jeffhykin/repos/quickr/main
FileSystem.workingDirectory is: /Users/jeffhykin/repos/quickr/logs
iteratePathsIn: ../main/
[
  ItemInfo {
    path: "../main/stream_tools.js",
    _lstat: {
      isFile: true,
      isDirectory: false,
      isSymlink: false,
      size: 7639,
      mtime: 2023-02-13T13:13:48.746Z,
      atime: 2023-02-13T13:13:53.775Z,
      birthtime: 2022-11-27T00:46:17.958Z,
      dev: 16777235,
      ino: 8186842,
      mode: 33188,
      nlink: 1,
      uid: 501,
      gid: 20,
      rdev: 0,
      blksize: 4096,
      blocks: 16
    },
    _data: { isBrokenLink: false, isLoopOfLinks: false }
  },
  ItemInfo {
    path: "../main/console.js",
    _lstat: {
      isFile: true,
      isDirectory: false,
      isSymlink: false,
      size: 26439,
      mtime: 2023-06-30T15:58:59.204Z,
      atime: 2023-06-30T15:58:59.235Z,
      birthtime: 2022-10-11T21:47:14.123Z,
      dev: 16777235,
      ino: 2917673,
      mode: 33188,
      nlink: 1,
      uid: 501,
      gid: 20,
      rdev: 0,
      blksize: 4096,
      blocks: 56
    },
    _data: { isBrokenLink: false, isLoopOfLinks: false }
  },
  ItemInfo {
    path: "../main/run.js",
    _lstat: {
      isFile: true,
      isDirectory: false,
      isSymlink: false,
      size: 32941,
      mtime: 2023-06-02T19:07:47.243Z,
      atime: 2023-06-02T19:07:58.400Z,
      birthtime: 2023-02-14T21:17:04.801Z,
      dev: 16777235,
      ino: 20909010,
      mode: 33188,
      nlink: 1,
      uid: 501,
      gid: 20,
      rdev: 0,
      blksize: 4096,
      blocks: 72
    },
    _data: { isBrokenLink: false, isLoopOfLinks: false }
  },
  ItemInfo {
    path: "../main/file_system.js",
    _lstat: {
      isFile: true,
      isDirectory: false,
      isSymlink: false,
      size: 67427,
      mtime: 2023-07-25T23:07:13.706Z,
      atime: 2023-07-25T23:07:14.837Z,
      birthtime: 2022-11-27T00:46:17.956Z,
      dev: 16777235,
      ino: 8186839,
      mode: 33188,
      nlink: 1,
      uid: 501,
      gid: 20,
      rdev: 0,
      blksize: 4096,
      blocks: 136
    },
    _data: { isBrokenLink: false, isLoopOfLinks: false }
  },
  ItemInfo {
    path: "../main/operating_system.js",
    _lstat: {
      isFile: true,
      isDirectory: false,
      isSymlink: false,
      size: 4987,
      mtime: 2022-11-06T16:23:39.690Z,
      atime: 2022-11-27T00:43:24.359Z,
      birthtime: 2022-10-11T21:47:14.123Z,
      dev: 16777235,
      ino: 2917675,
      mode: 33188,
      nlink: 1,
      uid: 501,
      gid: 20,
      rdev: 0,
      blksize: 4096,
      blocks: 16
    },
    _data: { isBrokenLink: false, isLoopOfLinks: false }
  },
  ItemInfo {
    path: "../main/test.ignore.js",
    _lstat: {
      isFile: true,
      isDirectory: false,
      isSymlink: false,
      size: 1097,
      mtime: 2022-11-06T18:40:58.703Z,
      atime: 2022-11-06T18:40:59.129Z,
      birthtime: 2022-11-06T18:27:31.934Z,
      dev: 16777235,
      ino: 6675855,
      mode: 33188,
      nlink: 1,
      uid: 501,
      gid: 20,
      rdev: 0,
      blksize: 4096,
      blocks: 8
    },
    _data: { isBrokenLink: false, isLoopOfLinks: false }
  }
]
# 
# breadthFirstSearch
# 
iteratePathsIn: ..
iteratePathsIn: ../tests
iteratePathsIn: ../dependencies
iteratePathsIn: ../logs
iteratePathsIn: ../logs/tests
iteratePathsIn: ../run
iteratePathsIn: ../run/made-with-webassembly
iteratePathsIn: ../run/made-with-webassembly/.git
iteratePathsIn: ../run/made-with-webassembly/.git/objects
iteratePathsIn: ../run/made-with-webassembly/.git/objects/pack
iteratePathsIn: ../run/made-with-webassembly/.git/objects/info
iteratePathsIn: ../run/made-with-webassembly/.git/info
iteratePathsIn: ../run/made-with-webassembly/.git/hooks
iteratePathsIn: ../run/made-with-webassembly/.git/refs
iteratePathsIn: ../run/made-with-webassembly/.git/refs/heads
iteratePathsIn: ../run/made-with-webassembly/.git/refs/tags
iteratePathsIn: ../.git
iteratePathsIn: ../.git/objects
iteratePathsIn: ../.git/objects/61
iteratePathsIn: ../.git/objects/0d
iteratePathsIn: ../.git/objects/95
iteratePathsIn: ../.git/objects/59
iteratePathsIn: ../.git/objects/92
iteratePathsIn: ../.git/objects/0c
iteratePathsIn: ../.git/objects/66
iteratePathsIn: ../.git/objects/3e
iteratePathsIn: ../.git/objects/68
iteratePathsIn: ../.git/objects/57
iteratePathsIn: ../.git/objects/3b
iteratePathsIn: ../.git/objects/6f
iteratePathsIn: ../.git/objects/03
iteratePathsIn: ../.git/objects/9b
iteratePathsIn: ../.git/objects/04
iteratePathsIn: ../.git/objects/6a
iteratePathsIn: ../.git/objects/32
iteratePathsIn: ../.git/objects/35
iteratePathsIn: ../.git/objects/69
iteratePathsIn: ../.git/objects/3c
iteratePathsIn: ../.git/objects/56
iteratePathsIn: ../.git/objects/51
iteratePathsIn: ../.git/objects/3d
iteratePathsIn: ../.git/objects/67
iteratePathsIn: ../.git/objects/0b
iteratePathsIn: ../.git/objects/93
iteratePathsIn: ../.git/objects/94
iteratePathsIn: ../.git/objects/0e
iteratePathsIn: ../.git/objects/60
iteratePathsIn: ../.git/objects/34
iteratePathsIn: ../.git/objects/5a
iteratePathsIn: ../.git/objects/5f
iteratePathsIn: ../.git/objects/33
iteratePathsIn: ../.git/objects/05
iteratePathsIn: ../.git/objects/9d
iteratePathsIn: ../.git/objects/9c
iteratePathsIn: ../.git/objects/02
iteratePathsIn: ../.git/objects/a4
iteratePathsIn: ../.git/objects/a3
iteratePathsIn: ../.git/objects/b5
iteratePathsIn: ../.git/objects/d9
iteratePathsIn: ../.git/objects/ac
iteratePathsIn: ../.git/objects/ad
iteratePathsIn: ../.git/objects/bb
iteratePathsIn: ../.git/objects/b3
iteratePathsIn: ../.git/objects/df
iteratePathsIn: ../.git/objects/da
iteratePathsIn: ../.git/objects/b4
iteratePathsIn: ../.git/objects/a2
iteratePathsIn: ../.git/objects/a5
iteratePathsIn: ../.git/objects/bd
iteratePathsIn: ../.git/objects/d1
iteratePathsIn: ../.git/objects/d6
iteratePathsIn: ../.git/objects/bc
iteratePathsIn: ../.git/objects/ae
iteratePathsIn: ../.git/objects/d8
iteratePathsIn: ../.git/objects/ab
iteratePathsIn: ../.git/objects/e5
iteratePathsIn: ../.git/objects/e2
iteratePathsIn: ../.git/objects/f4
iteratePathsIn: ../.git/objects/eb
iteratePathsIn: ../.git/objects/c7
iteratePathsIn: ../.git/objects/c0
iteratePathsIn: ../.git/objects/ee
iteratePathsIn: ../.git/objects/c9
iteratePathsIn: ../.git/objects/fc
iteratePathsIn: ../.git/objects/fd
iteratePathsIn: ../.git/objects/f2
iteratePathsIn: ../.git/objects/f5
iteratePathsIn: ../.git/objects/e3
iteratePathsIn: ../.git/objects/cf
iteratePathsIn: ../.git/objects/ca
iteratePathsIn: ../.git/objects/fe
iteratePathsIn: ../.git/objects/fb
iteratePathsIn: ../.git/objects/ed
iteratePathsIn: ../.git/objects/c1
iteratePathsIn: ../.git/objects/c6
iteratePathsIn: ../.git/objects/ec
iteratePathsIn: ../.git/objects/4e
iteratePathsIn: ../.git/objects/20
iteratePathsIn: ../.git/objects/18
iteratePathsIn: ../.git/objects/27
iteratePathsIn: ../.git/objects/4b
iteratePathsIn: ../.git/objects/pack
iteratePathsIn: ../.git/objects/11
iteratePathsIn: ../.git/objects/7d
iteratePathsIn: ../.git/objects/29
iteratePathsIn: ../.git/objects/7c
iteratePathsIn: ../.git/objects/16
iteratePathsIn: ../.git/objects/42
iteratePathsIn: ../.git/objects/89
iteratePathsIn: ../.git/objects/1f
iteratePathsIn: ../.git/objects/73
iteratePathsIn: ../.git/objects/87
iteratePathsIn: ../.git/objects/80
iteratePathsIn: ../.git/objects/1a
iteratePathsIn: ../.git/objects/28
iteratePathsIn: ../.git/objects/17
iteratePathsIn: ../.git/objects/7b
iteratePathsIn: ../.git/objects/8f
iteratePathsIn: ../.git/objects/7e
iteratePathsIn: ../.git/objects/10
iteratePathsIn: ../.git/objects/19
iteratePathsIn: ../.git/objects/4c
iteratePathsIn: ../.git/objects/26
iteratePathsIn: ../.git/objects/21
iteratePathsIn: ../.git/objects/4d
iteratePathsIn: ../.git/objects/75
iteratePathsIn: ../.git/objects/72
iteratePathsIn: ../.git/objects/44
iteratePathsIn: ../.git/objects/2a
iteratePathsIn: ../.git/objects/2f
iteratePathsIn: ../.git/objects/43
iteratePathsIn: ../.git/objects/88
iteratePathsIn: ../.git/objects/9f
iteratePathsIn: ../.git/objects/6b
iteratePathsIn: ../.git/objects/07
iteratePathsIn: ../.git/objects/38
iteratePathsIn: ../.git/objects/00
iteratePathsIn: ../.git/objects/6e
iteratePathsIn: ../.git/objects/9a
iteratePathsIn: ../.git/objects/5c
iteratePathsIn: ../.git/objects/09
iteratePathsIn: ../.git/objects/5d
iteratePathsIn: ../.git/objects/31
iteratePathsIn: ../.git/objects/info
iteratePathsIn: ../.git/objects/91
iteratePathsIn: ../.git/objects/62
iteratePathsIn: ../.git/objects/96
iteratePathsIn: ../.git/objects/3a
iteratePathsIn: ../.git/objects/54
iteratePathsIn: ../.git/objects/98
iteratePathsIn: ../.git/objects/53
iteratePathsIn: ../.git/objects/3f
iteratePathsIn: ../.git/objects/30
iteratePathsIn: ../.git/objects/5e
iteratePathsIn: ../.git/objects/5b
iteratePathsIn: ../.git/objects/08
iteratePathsIn: ../.git/objects/6d
iteratePathsIn: ../.git/objects/01
iteratePathsIn: ../.git/objects/06
iteratePathsIn: ../.git/objects/39
iteratePathsIn: ../.git/objects/99
iteratePathsIn: ../.git/objects/52
iteratePathsIn: ../.git/objects/55
iteratePathsIn: ../.git/objects/97
iteratePathsIn: ../.git/objects/63
iteratePathsIn: ../.git/objects/0f
iteratePathsIn: ../.git/objects/64
iteratePathsIn: ../.git/objects/bf
iteratePathsIn: ../.git/objects/d3
iteratePathsIn: ../.git/objects/d4
iteratePathsIn: ../.git/objects/ba
iteratePathsIn: ../.git/objects/a0
iteratePathsIn: ../.git/objects/a7
iteratePathsIn: ../.git/objects/b8
iteratePathsIn: ../.git/objects/b1
iteratePathsIn: ../.git/objects/dd
iteratePathsIn: ../.git/objects/dc
iteratePathsIn: ../.git/objects/b6
iteratePathsIn: ../.git/objects/a9
iteratePathsIn: ../.git/objects/d5
iteratePathsIn: ../.git/objects/aa
iteratePathsIn: ../.git/objects/af
iteratePathsIn: ../.git/objects/b7
iteratePathsIn: ../.git/objects/db
iteratePathsIn: ../.git/objects/a8
iteratePathsIn: ../.git/objects/de
iteratePathsIn: ../.git/objects/b0
iteratePathsIn: ../.git/objects/a6
iteratePathsIn: ../.git/objects/a1
iteratePathsIn: ../.git/objects/ef
iteratePathsIn: ../.git/objects/c3
iteratePathsIn: ../.git/objects/c4
iteratePathsIn: ../.git/objects/ea
iteratePathsIn: ../.git/objects/e1
iteratePathsIn: ../.git/objects/cd
iteratePathsIn: ../.git/objects/cc
iteratePathsIn: ../.git/objects/e6
iteratePathsIn: ../.git/objects/f7
iteratePathsIn: ../.git/objects/e8
iteratePathsIn: ../.git/objects/fa
iteratePathsIn: ../.git/objects/ff
iteratePathsIn: ../.git/objects/c5
iteratePathsIn: ../.git/objects/c2
iteratePathsIn: ../.git/objects/f6
iteratePathsIn: ../.git/objects/e9
iteratePathsIn: ../.git/objects/f1
iteratePathsIn: ../.git/objects/e7
iteratePathsIn: ../.git/objects/cb
iteratePathsIn: ../.git/objects/f8
iteratePathsIn: ../.git/objects/ce
iteratePathsIn: ../.git/objects/2c
iteratePathsIn: ../.git/objects/79
iteratePathsIn: ../.git/objects/2d
iteratePathsIn: ../.git/objects/83
iteratePathsIn: ../.git/objects/1b
iteratePathsIn: ../.git/objects/77
iteratePathsIn: ../.git/objects/48
iteratePathsIn: ../.git/objects/84
iteratePathsIn: ../.git/objects/4a
iteratePathsIn: ../.git/objects/24
iteratePathsIn: ../.git/objects/23
iteratePathsIn: ../.git/objects/4f
iteratePathsIn: ../.git/objects/8d
iteratePathsIn: ../.git/objects/15
iteratePathsIn: ../.git/objects/8c
iteratePathsIn: ../.git/objects/85
iteratePathsIn: ../.git/objects/1d
iteratePathsIn: ../.git/objects/71
iteratePathsIn: ../.git/objects/76
iteratePathsIn: ../.git/objects/1c
iteratePathsIn: ../.git/objects/82
iteratePathsIn: ../.git/objects/49
iteratePathsIn: ../.git/objects/40
iteratePathsIn: ../.git/objects/2b
iteratePathsIn: ../.git/objects/78
iteratePathsIn: ../.git/objects/8b
iteratePathsIn: ../.git/objects/13
iteratePathsIn: ../.git/objects/7f
iteratePathsIn: ../.git/objects/7a
iteratePathsIn: ../.git/objects/14
iteratePathsIn: ../.git/objects/8e
iteratePathsIn: ../.git/objects/22
iteratePathsIn: ../.git/objects/25
iteratePathsIn: ../.git/info
iteratePathsIn: ../.git/logs
iteratePathsIn: ../.git/logs/refs
iteratePathsIn: ../.git/logs/refs/heads
iteratePathsIn: ../.git/logs/refs/heads/wip
iteratePathsIn: ../.git/logs/refs/remotes
iteratePathsIn: ../.git/logs/refs/remotes/origin
iteratePathsIn: ../.git/logs/refs/remotes/origin/wip
iteratePathsIn: ../.git/hooks
iteratePathsIn: ../.git/refs
iteratePathsIn: ../.git/refs/heads
iteratePathsIn: ../.git/refs/heads/wip
iteratePathsIn: ../.git/refs/tags
iteratePathsIn: ../.git/refs/remotes
iteratePathsIn: ../.git/refs/remotes/origin
iteratePathsIn: ../.git/refs/remotes/origin/wip
iteratePathsIn: ../.git/branches
iteratePathsIn: ../main
iteratePathsIn: ../main/wip
iteratePathsIn: ../reference
[
  "../.DS_Store",
  "../tests",
  "../dependencies",
  "../.keep",
  "../todo.md",
  "../readme.md",
  "../logs",
  "../.gitignore",
  "../run",
  "../main",
  "../reference",
  "../tests/console.js",
  "../tests/run.js",
  "../tests/file_system.js",
  "../tests/operating_system.js",
  "../dependencies/babel_runtime@v0.13.9.js",
  "../dependencies/babel@v7.13.8.js",
  "../logs/operating_system.js.log",
  "../logs/file_system.js.log",
  "../logs/console.js.log",
  "../logs/tests",
  "../logs/run.js.log",
  "../logs/tests/run.errors.log",
  "../logs/tests/run.grep_path.txt",
  "../run/make_babel_bundle",
  "../run/tests",
  "../run/made-with-webassembly",
  "../run/tests.ps1",
  "../main/stream_tools.js",
  "../main/console.js",
  "../main/run.js",
  "../main/file_system.js",
  "../main/operating_system.js",
  "../main/wip",
  "../main/test.ignore.js",
  "../main/wip/lg2.wasm.binaryified.js",
  "../main/wip/_convert.js",
  "../main/wip/sprinter.js",
  "../main/wip/smash.js",
  "../main/wip/git.js",
  "../main/wip/runner.js",
  "../reference/readable.ps1",
  "../reference/portable.ps1"
]
# 
# depthFirstSearch
# 
iteratePathsIn: ..
iteratePathsIn: ../tests
iteratePathsIn: ../dependencies
iteratePathsIn: ../logs
iteratePathsIn: ../logs/tests
iteratePathsIn: ../run
iteratePathsIn: ../run/made-with-webassembly
iteratePathsIn: ../run/made-with-webassembly/.git
iteratePathsIn: ../.git
iteratePathsIn: ../main
iteratePathsIn: ../main/wip
iteratePathsIn: ../reference
[
  "../.DS_Store",
  "../tests",
  "../tests/console.js",
  "../tests/run.js",
  "../tests/file_system.js",
  "../tests/operating_system.js",
  "../dependencies",
  "../dependencies/babel_runtime@v0.13.9.js",
  "../dependencies/babel@v7.13.8.js",
  "../.keep",
  "../todo.md",
  "../readme.md",
  "../logs",
  "../logs/operating_system.js.log",
  "../logs/file_system.js.log",
  "../logs/console.js.log",
  "../logs/tests",
  "../logs/tests/run.errors.log",
  "../logs/tests/run.grep_path.txt",
  "../logs/run.js.log",
  "../.gitignore",
  "../run",
  "../run/make_babel_bundle",
  "../run/tests",
  "../run/made-with-webassembly",
  "../run/made-with-webassembly/.git",
  "../run/tests.ps1",
  "../.git",
  "../main",
  "../main/stream_tools.js",
  "../main/console.js",
  "../main/run.js",
  "../main/file_system.js",
  "../main/operating_system.js",
  "../main/wip",
  "../main/wip/lg2.wasm.binaryified.js",
  "../main/wip/_convert.js",
  "../main/wip/sprinter.js",
  "../main/wip/smash.js",
  "../main/wip/git.js",
  "../main/wip/runner.js",
  "../main/test.ignore.js",
  "../reference",
  "../reference/readable.ps1",
  "../reference/portable.ps1"
]
shouldntExplore uniquely has: Set { "../run/made-with-webassembly/.git", "../.git" }
shouldntInclude uniquely has: Set {}
# 
# All parent paths of /Users/jeffhykin/repos/quickr/main/run.errors.log
# 
[
  "/",
  "/Users",
  "/Users/jeffhykin",
  "/Users/jeffhykin/repos",
  "/Users/jeffhykin/repos/quickr",
  "/Users/jeffhykin/repos/quickr/main"
]
# 
# All parent paths of ../main/run.errors.log
# 
[ "..", "../main" ]

# FileSystem.pathOfCaller
/Users/jeffhykin/repos/quickr/tests/file_system.js

# FileSystem.walkUpImport
Howdy!
Howdy! im red true undefined null im blue im not
Module {}

# await FileSystem.glob('*.log')
iteratePathsIn: .
iteratePathsIn: tests
[
  "operating_system.js.log",
  "file_system.js.log",
  "console.js.log",
  "run.js.log"
]

# await FileSystem.glob("*.log", { startPath: ".." })
iteratePathsIn: ..
iteratePathsIn: ../tests
iteratePathsIn: ../dependencies
iteratePathsIn: ../logs
iteratePathsIn: ../logs/tests
iteratePathsIn: ../run
iteratePathsIn: ../run/made-with-webassembly
iteratePathsIn: ../run/made-with-webassembly/.git
iteratePathsIn: ../run/made-with-webassembly/.git/objects
iteratePathsIn: ../run/made-with-webassembly/.git/objects/pack
iteratePathsIn: ../run/made-with-webassembly/.git/objects/info
iteratePathsIn: ../run/made-with-webassembly/.git/info
iteratePathsIn: ../run/made-with-webassembly/.git/hooks
iteratePathsIn: ../run/made-with-webassembly/.git/refs
iteratePathsIn: ../run/made-with-webassembly/.git/refs/heads
iteratePathsIn: ../run/made-with-webassembly/.git/refs/tags
iteratePathsIn: ../.git
iteratePathsIn: ../.git/objects
iteratePathsIn: ../.git/objects/61
iteratePathsIn: ../.git/objects/0d
iteratePathsIn: ../.git/objects/95
iteratePathsIn: ../.git/objects/59
iteratePathsIn: ../.git/objects/92
iteratePathsIn: ../.git/objects/0c
iteratePathsIn: ../.git/objects/66
iteratePathsIn: ../.git/objects/3e
iteratePathsIn: ../.git/objects/68
iteratePathsIn: ../.git/objects/57
iteratePathsIn: ../.git/objects/3b
iteratePathsIn: ../.git/objects/6f
iteratePathsIn: ../.git/objects/03
iteratePathsIn: ../.git/objects/9b
iteratePathsIn: ../.git/objects/04
iteratePathsIn: ../.git/objects/6a
iteratePathsIn: ../.git/objects/32
iteratePathsIn: ../.git/objects/35
iteratePathsIn: ../.git/objects/69
iteratePathsIn: ../.git/objects/3c
iteratePathsIn: ../.git/objects/56
iteratePathsIn: ../.git/objects/51
iteratePathsIn: ../.git/objects/3d
iteratePathsIn: ../.git/objects/67
iteratePathsIn: ../.git/objects/0b
iteratePathsIn: ../.git/objects/93
iteratePathsIn: ../.git/objects/94
iteratePathsIn: ../.git/objects/0e
iteratePathsIn: ../.git/objects/60
iteratePathsIn: ../.git/objects/34
iteratePathsIn: ../.git/objects/5a
iteratePathsIn: ../.git/objects/5f
iteratePathsIn: ../.git/objects/33
iteratePathsIn: ../.git/objects/05
iteratePathsIn: ../.git/objects/9d
iteratePathsIn: ../.git/objects/9c
iteratePathsIn: ../.git/objects/02
iteratePathsIn: ../.git/objects/a4
iteratePathsIn: ../.git/objects/a3
iteratePathsIn: ../.git/objects/b5
iteratePathsIn: ../.git/objects/d9
iteratePathsIn: ../.git/objects/ac
iteratePathsIn: ../.git/objects/ad
iteratePathsIn: ../.git/objects/bb
iteratePathsIn: ../.git/objects/b3
iteratePathsIn: ../.git/objects/df
iteratePathsIn: ../.git/objects/da
iteratePathsIn: ../.git/objects/b4
iteratePathsIn: ../.git/objects/a2
iteratePathsIn: ../.git/objects/a5
iteratePathsIn: ../.git/objects/bd
iteratePathsIn: ../.git/objects/d1
iteratePathsIn: ../.git/objects/d6
iteratePathsIn: ../.git/objects/bc
iteratePathsIn: ../.git/objects/ae
iteratePathsIn: ../.git/objects/d8
iteratePathsIn: ../.git/objects/ab
iteratePathsIn: ../.git/objects/e5
iteratePathsIn: ../.git/objects/e2
iteratePathsIn: ../.git/objects/f4
iteratePathsIn: ../.git/objects/eb
iteratePathsIn: ../.git/objects/c7
iteratePathsIn: ../.git/objects/c0
iteratePathsIn: ../.git/objects/ee
iteratePathsIn: ../.git/objects/c9
iteratePathsIn: ../.git/objects/fc
iteratePathsIn: ../.git/objects/fd
iteratePathsIn: ../.git/objects/f2
iteratePathsIn: ../.git/objects/f5
iteratePathsIn: ../.git/objects/e3
iteratePathsIn: ../.git/objects/cf
iteratePathsIn: ../.git/objects/ca
iteratePathsIn: ../.git/objects/fe
iteratePathsIn: ../.git/objects/fb
iteratePathsIn: ../.git/objects/ed
iteratePathsIn: ../.git/objects/c1
iteratePathsIn: ../.git/objects/c6
iteratePathsIn: ../.git/objects/ec
iteratePathsIn: ../.git/objects/4e
iteratePathsIn: ../.git/objects/20
iteratePathsIn: ../.git/objects/18
iteratePathsIn: ../.git/objects/27
iteratePathsIn: ../.git/objects/4b
iteratePathsIn: ../.git/objects/pack
iteratePathsIn: ../.git/objects/11
iteratePathsIn: ../.git/objects/7d
iteratePathsIn: ../.git/objects/29
iteratePathsIn: ../.git/objects/7c
iteratePathsIn: ../.git/objects/16
iteratePathsIn: ../.git/objects/42
iteratePathsIn: ../.git/objects/89
iteratePathsIn: ../.git/objects/1f
iteratePathsIn: ../.git/objects/73
iteratePathsIn: ../.git/objects/87
iteratePathsIn: ../.git/objects/80
iteratePathsIn: ../.git/objects/1a
iteratePathsIn: ../.git/objects/28
iteratePathsIn: ../.git/objects/17
iteratePathsIn: ../.git/objects/7b
iteratePathsIn: ../.git/objects/8f
iteratePathsIn: ../.git/objects/7e
iteratePathsIn: ../.git/objects/10
iteratePathsIn: ../.git/objects/19
iteratePathsIn: ../.git/objects/4c
iteratePathsIn: ../.git/objects/26
iteratePathsIn: ../.git/objects/21
iteratePathsIn: ../.git/objects/4d
iteratePathsIn: ../.git/objects/75
iteratePathsIn: ../.git/objects/72
iteratePathsIn: ../.git/objects/44
iteratePathsIn: ../.git/objects/2a
iteratePathsIn: ../.git/objects/2f
iteratePathsIn: ../.git/objects/43
iteratePathsIn: ../.git/objects/88
iteratePathsIn: ../.git/objects/9f
iteratePathsIn: ../.git/objects/6b
iteratePathsIn: ../.git/objects/07
iteratePathsIn: ../.git/objects/38
iteratePathsIn: ../.git/objects/00
iteratePathsIn: ../.git/objects/6e
iteratePathsIn: ../.git/objects/9a
iteratePathsIn: ../.git/objects/5c
iteratePathsIn: ../.git/objects/09
iteratePathsIn: ../.git/objects/5d
iteratePathsIn: ../.git/objects/31
iteratePathsIn: ../.git/objects/info
iteratePathsIn: ../.git/objects/91
iteratePathsIn: ../.git/objects/62
iteratePathsIn: ../.git/objects/96
iteratePathsIn: ../.git/objects/3a
iteratePathsIn: ../.git/objects/54
iteratePathsIn: ../.git/objects/98
iteratePathsIn: ../.git/objects/53
iteratePathsIn: ../.git/objects/3f
iteratePathsIn: ../.git/objects/30
iteratePathsIn: ../.git/objects/5e
iteratePathsIn: ../.git/objects/5b
iteratePathsIn: ../.git/objects/08
iteratePathsIn: ../.git/objects/6d
iteratePathsIn: ../.git/objects/01
iteratePathsIn: ../.git/objects/06
iteratePathsIn: ../.git/objects/39
iteratePathsIn: ../.git/objects/99
iteratePathsIn: ../.git/objects/52
iteratePathsIn: ../.git/objects/55
iteratePathsIn: ../.git/objects/97
iteratePathsIn: ../.git/objects/63
iteratePathsIn: ../.git/objects/0f
iteratePathsIn: ../.git/objects/64
iteratePathsIn: ../.git/objects/bf
iteratePathsIn: ../.git/objects/d3
iteratePathsIn: ../.git/objects/d4
iteratePathsIn: ../.git/objects/ba
iteratePathsIn: ../.git/objects/a0
iteratePathsIn: ../.git/objects/a7
iteratePathsIn: ../.git/objects/b8
iteratePathsIn: ../.git/objects/b1
iteratePathsIn: ../.git/objects/dd
iteratePathsIn: ../.git/objects/dc
iteratePathsIn: ../.git/objects/b6
iteratePathsIn: ../.git/objects/a9
iteratePathsIn: ../.git/objects/d5
iteratePathsIn: ../.git/objects/aa
iteratePathsIn: ../.git/objects/af
iteratePathsIn: ../.git/objects/b7
iteratePathsIn: ../.git/objects/db
iteratePathsIn: ../.git/objects/a8
iteratePathsIn: ../.git/objects/de
iteratePathsIn: ../.git/objects/b0
iteratePathsIn: ../.git/objects/a6
iteratePathsIn: ../.git/objects/a1
iteratePathsIn: ../.git/objects/ef
iteratePathsIn: ../.git/objects/c3
iteratePathsIn: ../.git/objects/c4
iteratePathsIn: ../.git/objects/ea
iteratePathsIn: ../.git/objects/e1
iteratePathsIn: ../.git/objects/cd
iteratePathsIn: ../.git/objects/cc
iteratePathsIn: ../.git/objects/e6
iteratePathsIn: ../.git/objects/f7
iteratePathsIn: ../.git/objects/e8
iteratePathsIn: ../.git/objects/fa
iteratePathsIn: ../.git/objects/ff
iteratePathsIn: ../.git/objects/c5
iteratePathsIn: ../.git/objects/c2
iteratePathsIn: ../.git/objects/f6
iteratePathsIn: ../.git/objects/e9
iteratePathsIn: ../.git/objects/f1
iteratePathsIn: ../.git/objects/e7
iteratePathsIn: ../.git/objects/cb
iteratePathsIn: ../.git/objects/f8
iteratePathsIn: ../.git/objects/ce
iteratePathsIn: ../.git/objects/2c
iteratePathsIn: ../.git/objects/79
iteratePathsIn: ../.git/objects/2d
iteratePathsIn: ../.git/objects/83
iteratePathsIn: ../.git/objects/1b
iteratePathsIn: ../.git/objects/77
iteratePathsIn: ../.git/objects/48
iteratePathsIn: ../.git/objects/84
iteratePathsIn: ../.git/objects/4a
iteratePathsIn: ../.git/objects/24
iteratePathsIn: ../.git/objects/23
iteratePathsIn: ../.git/objects/4f
iteratePathsIn: ../.git/objects/8d
iteratePathsIn: ../.git/objects/15
iteratePathsIn: ../.git/objects/8c
iteratePathsIn: ../.git/objects/85
iteratePathsIn: ../.git/objects/1d
iteratePathsIn: ../.git/objects/71
iteratePathsIn: ../.git/objects/76
iteratePathsIn: ../.git/objects/1c
iteratePathsIn: ../.git/objects/82
iteratePathsIn: ../.git/objects/49
iteratePathsIn: ../.git/objects/40
iteratePathsIn: ../.git/objects/2b
iteratePathsIn: ../.git/objects/78
iteratePathsIn: ../.git/objects/8b
iteratePathsIn: ../.git/objects/13
iteratePathsIn: ../.git/objects/7f
iteratePathsIn: ../.git/objects/7a
iteratePathsIn: ../.git/objects/14
iteratePathsIn: ../.git/objects/8e
iteratePathsIn: ../.git/objects/22
iteratePathsIn: ../.git/objects/25
iteratePathsIn: ../.git/info
iteratePathsIn: ../.git/logs
iteratePathsIn: ../.git/logs/refs
iteratePathsIn: ../.git/logs/refs/heads
iteratePathsIn: ../.git/logs/refs/heads/wip
iteratePathsIn: ../.git/logs/refs/remotes
iteratePathsIn: ../.git/logs/refs/remotes/origin
iteratePathsIn: ../.git/logs/refs/remotes/origin/wip
iteratePathsIn: ../.git/hooks
iteratePathsIn: ../.git/refs
iteratePathsIn: ../.git/refs/heads
iteratePathsIn: ../.git/refs/heads/wip
iteratePathsIn: ../.git/refs/tags
iteratePathsIn: ../.git/refs/remotes
iteratePathsIn: ../.git/refs/remotes/origin
iteratePathsIn: ../.git/refs/remotes/origin/wip
iteratePathsIn: ../.git/branches
iteratePathsIn: ../main
iteratePathsIn: ../main/wip
iteratePathsIn: ../reference
[]

# await FileSystem.glob("**/*.log", { startPath: ".." })
iteratePathsIn: ..
iteratePathsIn: ../tests
iteratePathsIn: ../dependencies
iteratePathsIn: ../logs
iteratePathsIn: ../logs/tests
iteratePathsIn: ../run
iteratePathsIn: ../run/made-with-webassembly
iteratePathsIn: ../run/made-with-webassembly/.git
iteratePathsIn: ../run/made-with-webassembly/.git/objects
iteratePathsIn: ../run/made-with-webassembly/.git/objects/pack
iteratePathsIn: ../run/made-with-webassembly/.git/objects/info
iteratePathsIn: ../run/made-with-webassembly/.git/info
iteratePathsIn: ../run/made-with-webassembly/.git/hooks
iteratePathsIn: ../run/made-with-webassembly/.git/refs
iteratePathsIn: ../run/made-with-webassembly/.git/refs/heads
iteratePathsIn: ../run/made-with-webassembly/.git/refs/tags
iteratePathsIn: ../.git
iteratePathsIn: ../.git/objects
iteratePathsIn: ../.git/objects/61
iteratePathsIn: ../.git/objects/0d
iteratePathsIn: ../.git/objects/95
iteratePathsIn: ../.git/objects/59
iteratePathsIn: ../.git/objects/92
iteratePathsIn: ../.git/objects/0c
iteratePathsIn: ../.git/objects/66
iteratePathsIn: ../.git/objects/3e
iteratePathsIn: ../.git/objects/68
iteratePathsIn: ../.git/objects/57
iteratePathsIn: ../.git/objects/3b
iteratePathsIn: ../.git/objects/6f
iteratePathsIn: ../.git/objects/03
iteratePathsIn: ../.git/objects/9b
iteratePathsIn: ../.git/objects/04
iteratePathsIn: ../.git/objects/6a
iteratePathsIn: ../.git/objects/32
iteratePathsIn: ../.git/objects/35
iteratePathsIn: ../.git/objects/69
iteratePathsIn: ../.git/objects/3c
iteratePathsIn: ../.git/objects/56
iteratePathsIn: ../.git/objects/51
iteratePathsIn: ../.git/objects/3d
iteratePathsIn: ../.git/objects/67
iteratePathsIn: ../.git/objects/0b
iteratePathsIn: ../.git/objects/93
iteratePathsIn: ../.git/objects/94
iteratePathsIn: ../.git/objects/0e
iteratePathsIn: ../.git/objects/60
iteratePathsIn: ../.git/objects/34
iteratePathsIn: ../.git/objects/5a
iteratePathsIn: ../.git/objects/5f
iteratePathsIn: ../.git/objects/33
iteratePathsIn: ../.git/objects/05
iteratePathsIn: ../.git/objects/9d
iteratePathsIn: ../.git/objects/9c
iteratePathsIn: ../.git/objects/02
iteratePathsIn: ../.git/objects/a4
iteratePathsIn: ../.git/objects/a3
iteratePathsIn: ../.git/objects/b5
iteratePathsIn: ../.git/objects/d9
iteratePathsIn: ../.git/objects/ac
iteratePathsIn: ../.git/objects/ad
iteratePathsIn: ../.git/objects/bb
iteratePathsIn: ../.git/objects/b3
iteratePathsIn: ../.git/objects/df
iteratePathsIn: ../.git/objects/da
iteratePathsIn: ../.git/objects/b4
iteratePathsIn: ../.git/objects/a2
iteratePathsIn: ../.git/objects/a5
iteratePathsIn: ../.git/objects/bd
iteratePathsIn: ../.git/objects/d1
iteratePathsIn: ../.git/objects/d6
iteratePathsIn: ../.git/objects/bc
iteratePathsIn: ../.git/objects/ae
iteratePathsIn: ../.git/objects/d8
iteratePathsIn: ../.git/objects/ab
iteratePathsIn: ../.git/objects/e5
iteratePathsIn: ../.git/objects/e2
iteratePathsIn: ../.git/objects/f4
iteratePathsIn: ../.git/objects/eb
iteratePathsIn: ../.git/objects/c7
iteratePathsIn: ../.git/objects/c0
iteratePathsIn: ../.git/objects/ee
iteratePathsIn: ../.git/objects/c9
iteratePathsIn: ../.git/objects/fc
iteratePathsIn: ../.git/objects/fd
iteratePathsIn: ../.git/objects/f2
iteratePathsIn: ../.git/objects/f5
iteratePathsIn: ../.git/objects/e3
iteratePathsIn: ../.git/objects/cf
iteratePathsIn: ../.git/objects/ca
iteratePathsIn: ../.git/objects/fe
iteratePathsIn: ../.git/objects/fb
iteratePathsIn: ../.git/objects/ed
iteratePathsIn: ../.git/objects/c1
iteratePathsIn: ../.git/objects/c6
iteratePathsIn: ../.git/objects/ec
iteratePathsIn: ../.git/objects/4e
iteratePathsIn: ../.git/objects/20
iteratePathsIn: ../.git/objects/18
iteratePathsIn: ../.git/objects/27
iteratePathsIn: ../.git/objects/4b
iteratePathsIn: ../.git/objects/pack
iteratePathsIn: ../.git/objects/11
iteratePathsIn: ../.git/objects/7d
iteratePathsIn: ../.git/objects/29
iteratePathsIn: ../.git/objects/7c
iteratePathsIn: ../.git/objects/16
iteratePathsIn: ../.git/objects/42
iteratePathsIn: ../.git/objects/89
iteratePathsIn: ../.git/objects/1f
iteratePathsIn: ../.git/objects/73
iteratePathsIn: ../.git/objects/87
iteratePathsIn: ../.git/objects/80
iteratePathsIn: ../.git/objects/1a
iteratePathsIn: ../.git/objects/28
iteratePathsIn: ../.git/objects/17
iteratePathsIn: ../.git/objects/7b
iteratePathsIn: ../.git/objects/8f
iteratePathsIn: ../.git/objects/7e
iteratePathsIn: ../.git/objects/10
iteratePathsIn: ../.git/objects/19
iteratePathsIn: ../.git/objects/4c
iteratePathsIn: ../.git/objects/26
iteratePathsIn: ../.git/objects/21
iteratePathsIn: ../.git/objects/4d
iteratePathsIn: ../.git/objects/75
iteratePathsIn: ../.git/objects/72
iteratePathsIn: ../.git/objects/44
iteratePathsIn: ../.git/objects/2a
iteratePathsIn: ../.git/objects/2f
iteratePathsIn: ../.git/objects/43
iteratePathsIn: ../.git/objects/88
iteratePathsIn: ../.git/objects/9f
iteratePathsIn: ../.git/objects/6b
iteratePathsIn: ../.git/objects/07
iteratePathsIn: ../.git/objects/38
iteratePathsIn: ../.git/objects/00
iteratePathsIn: ../.git/objects/6e
iteratePathsIn: ../.git/objects/9a
iteratePathsIn: ../.git/objects/5c
iteratePathsIn: ../.git/objects/09
iteratePathsIn: ../.git/objects/5d
iteratePathsIn: ../.git/objects/31
iteratePathsIn: ../.git/objects/info
iteratePathsIn: ../.git/objects/91
iteratePathsIn: ../.git/objects/62
iteratePathsIn: ../.git/objects/96
iteratePathsIn: ../.git/objects/3a
iteratePathsIn: ../.git/objects/54
iteratePathsIn: ../.git/objects/98
iteratePathsIn: ../.git/objects/53
iteratePathsIn: ../.git/objects/3f
iteratePathsIn: ../.git/objects/30
iteratePathsIn: ../.git/objects/5e
iteratePathsIn: ../.git/objects/5b
iteratePathsIn: ../.git/objects/08
iteratePathsIn: ../.git/objects/6d
iteratePathsIn: ../.git/objects/01
iteratePathsIn: ../.git/objects/06
iteratePathsIn: ../.git/objects/39
iteratePathsIn: ../.git/objects/99
iteratePathsIn: ../.git/objects/52
iteratePathsIn: ../.git/objects/55
iteratePathsIn: ../.git/objects/97
iteratePathsIn: ../.git/objects/63
iteratePathsIn: ../.git/objects/0f
iteratePathsIn: ../.git/objects/64
iteratePathsIn: ../.git/objects/bf
iteratePathsIn: ../.git/objects/d3
iteratePathsIn: ../.git/objects/d4
iteratePathsIn: ../.git/objects/ba
iteratePathsIn: ../.git/objects/a0
iteratePathsIn: ../.git/objects/a7
iteratePathsIn: ../.git/objects/b8
iteratePathsIn: ../.git/objects/b1
iteratePathsIn: ../.git/objects/dd
iteratePathsIn: ../.git/objects/dc
iteratePathsIn: ../.git/objects/b6
iteratePathsIn: ../.git/objects/a9
iteratePathsIn: ../.git/objects/d5
iteratePathsIn: ../.git/objects/aa
iteratePathsIn: ../.git/objects/af
iteratePathsIn: ../.git/objects/b7
iteratePathsIn: ../.git/objects/db
iteratePathsIn: ../.git/objects/a8
iteratePathsIn: ../.git/objects/de
iteratePathsIn: ../.git/objects/b0
iteratePathsIn: ../.git/objects/a6
iteratePathsIn: ../.git/objects/a1
iteratePathsIn: ../.git/objects/ef
iteratePathsIn: ../.git/objects/c3
iteratePathsIn: ../.git/objects/c4
iteratePathsIn: ../.git/objects/ea
iteratePathsIn: ../.git/objects/e1
iteratePathsIn: ../.git/objects/cd
iteratePathsIn: ../.git/objects/cc
iteratePathsIn: ../.git/objects/e6
iteratePathsIn: ../.git/objects/f7
iteratePathsIn: ../.git/objects/e8
iteratePathsIn: ../.git/objects/fa
iteratePathsIn: ../.git/objects/ff
iteratePathsIn: ../.git/objects/c5
iteratePathsIn: ../.git/objects/c2
iteratePathsIn: ../.git/objects/f6
iteratePathsIn: ../.git/objects/e9
iteratePathsIn: ../.git/objects/f1
iteratePathsIn: ../.git/objects/e7
iteratePathsIn: ../.git/objects/cb
iteratePathsIn: ../.git/objects/f8
iteratePathsIn: ../.git/objects/ce
iteratePathsIn: ../.git/objects/2c
iteratePathsIn: ../.git/objects/79
iteratePathsIn: ../.git/objects/2d
iteratePathsIn: ../.git/objects/83
iteratePathsIn: ../.git/objects/1b
iteratePathsIn: ../.git/objects/77
iteratePathsIn: ../.git/objects/48
iteratePathsIn: ../.git/objects/84
iteratePathsIn: ../.git/objects/4a
iteratePathsIn: ../.git/objects/24
iteratePathsIn: ../.git/objects/23
iteratePathsIn: ../.git/objects/4f
iteratePathsIn: ../.git/objects/8d
iteratePathsIn: ../.git/objects/15
iteratePathsIn: ../.git/objects/8c
iteratePathsIn: ../.git/objects/85
iteratePathsIn: ../.git/objects/1d
iteratePathsIn: ../.git/objects/71
iteratePathsIn: ../.git/objects/76
iteratePathsIn: ../.git/objects/1c
iteratePathsIn: ../.git/objects/82
iteratePathsIn: ../.git/objects/49
iteratePathsIn: ../.git/objects/40
iteratePathsIn: ../.git/objects/2b
iteratePathsIn: ../.git/objects/78
iteratePathsIn: ../.git/objects/8b
iteratePathsIn: ../.git/objects/13
iteratePathsIn: ../.git/objects/7f
iteratePathsIn: ../.git/objects/7a
iteratePathsIn: ../.git/objects/14
iteratePathsIn: ../.git/objects/8e
iteratePathsIn: ../.git/objects/22
iteratePathsIn: ../.git/objects/25
iteratePathsIn: ../.git/info
iteratePathsIn: ../.git/logs
iteratePathsIn: ../.git/logs/refs
iteratePathsIn: ../.git/logs/refs/heads
iteratePathsIn: ../.git/logs/refs/heads/wip
iteratePathsIn: ../.git/logs/refs/remotes
iteratePathsIn: ../.git/logs/refs/remotes/origin
iteratePathsIn: ../.git/logs/refs/remotes/origin/wip
iteratePathsIn: ../.git/hooks
iteratePathsIn: ../.git/refs
iteratePathsIn: ../.git/refs/heads
iteratePathsIn: ../.git/refs/heads/wip
iteratePathsIn: ../.git/refs/tags
iteratePathsIn: ../.git/refs/remotes
iteratePathsIn: ../.git/refs/remotes/origin
iteratePathsIn: ../.git/refs/remotes/origin/wip
iteratePathsIn: ../.git/branches
iteratePathsIn: ../main
iteratePathsIn: ../main/wip
iteratePathsIn: ../reference
[
  "logs/operating_system.js.log",
  "logs/file_system.js.log",
  "logs/console.js.log",
  "logs/run.js.log",
  "logs/tests/run.errors.log"
]

Encrypting file
6

Decrypting file
6
